<?xml version="1.0" encoding="UTF-8"?>
<!-- Generated by org.testng.reporters.JUnitReportReporter -->
<testsuite hostname="DESKTOP-NQ83CF5" failures="0" tests="1" name="tests.SliderTest" time="5.251" errors="0" timestamp="2024-05-16T11:14:03 IST" skipped="0">
  <testcase classname="tests.SliderTest" name="VerifyingSlidersAreWorking" time="5.251"/>
  <system-out/>
</testsuite> <!-- tests.SliderTest -->
