<?xml version="1.0" encoding="UTF-8"?>
<!-- Generated by org.testng.reporters.JUnitReportReporter -->
<testsuite hostname="DESKTOP-NQ83CF5" failures="0" tests="10" name="tests.SampletestTest" time="46.224" errors="0" timestamp="2024-05-23T18:56:09 IST" skipped="0">
  <testcase classname="tests.SampletestTest" name="toVerifyAlert" time="3.767"/>
  <system-out/>
  <testcase classname="tests.SampletestTest" name="toVerifyAll" time="5.512"/>
  <system-out/>
  <testcase classname="tests.SampletestTest" name="toVerifyComment" time="4.840"/>
  <system-out/>
  <testcase classname="tests.SampletestTest" name="toVerifyManualCheckbox" time="3.758"/>
  <system-out/>
  <testcase classname="tests.SampletestTest" name="toVerifyExperienceDropdown" time="4.409"/>
  <system-out/>
  <testcase classname="tests.SampletestTest" name="toVerifyFunctionalCheckbox" time="4.469"/>
  <system-out/>
  <testcase classname="tests.SampletestTest" name="toVerifymultipleCheckboxA1" time="4.392"/>
  <system-out/>
  <testcase classname="tests.SampletestTest" name="toVerifyAutomationCheckbox" time="4.565"/>
  <system-out/>
  <testcase classname="tests.SampletestTest" name="toVerifyEducation" time="5.574"/>
  <system-out/>
  <testcase classname="tests.SampletestTest" name="toEnterDetails" time="4.938"/>
  <system-out/>
</testsuite> <!-- tests.SampletestTest -->
