<?xml version="1.0" encoding="UTF-8"?>
<!-- Generated by org.testng.reporters.JUnitReportReporter -->
<testsuite hostname="DESKTOP-NQ83CF5" failures="0" tests="1" name="com.tests.TabsAndWindowsTest" time="5.752" errors="0" timestamp="2024-05-15T12:32:59 IST" skipped="0">
  <testcase classname="com.tests.TabsAndWindowsTest" name="testToSwitchToOtherTab" time="5.752"/>
  <system-out/>
</testsuite> <!-- com.tests.TabsAndWindowsTest -->
