<?xml version="1.0" encoding="UTF-8"?>
<!-- Generated by org.testng.reporters.JUnitReportReporter -->
<testsuite hostname="DESKTOP-NQ83CF5" failures="0" tests="1" name="tests.DropDownTest" time="7.458" errors="0" timestamp="2024-05-23T17:02:52 IST" skipped="0">
  <testcase classname="tests.DropDownTest" name="testForDropDowselection" time="7.458"/>
  <system-out/>
</testsuite> <!-- tests.DropDownTest -->
