<?xml version="1.0" encoding="UTF-8"?>
<!-- Generated by org.testng.reporters.JUnitReportReporter -->
<testsuite hostname="DESKTOP-NQ83CF5" failures="0" tests="1" name="tests.ProgressBarTest" time="16.445" errors="0" timestamp="2024-05-23T17:02:52 IST" skipped="0">
  <testcase classname="tests.ProgressBarTest" name="testForProgressBarButton" time="16.445"/>
  <system-out/>
</testsuite> <!-- tests.ProgressBarTest -->
