<?xml version="1.0" encoding="UTF-8"?>
<!-- Generated by org.testng.reporters.JUnitReportReporter -->
<testsuite hostname="DESKTOP-NQ83CF5" failures="0" tests="10" name="tests.SampletestTest" time="46.549" errors="0" timestamp="2024-05-23T17:02:52 IST" skipped="0">
  <testcase classname="tests.SampletestTest" name="toVerifyFunctionalCheckbox" time="4.623"/>
  <system-out/>
  <testcase classname="tests.SampletestTest" name="toVerifyManualCheckbox" time="4.105"/>
  <system-out/>
  <testcase classname="tests.SampletestTest" name="toVerifyAutomationCheckbox" time="4.081"/>
  <system-out/>
  <testcase classname="tests.SampletestTest" name="toEnterDetails" time="4.426"/>
  <system-out/>
  <testcase classname="tests.SampletestTest" name="toVerifyAll" time="7.022"/>
  <system-out/>
  <testcase classname="tests.SampletestTest" name="toVerifyAlert" time="3.984"/>
  <system-out/>
  <testcase classname="tests.SampletestTest" name="toVerifyExperienceDropdown" time="5.109"/>
  <system-out/>
  <testcase classname="tests.SampletestTest" name="toVerifyComment" time="4.594"/>
  <system-out/>
  <testcase classname="tests.SampletestTest" name="toVerifymultipleCheckboxA1" time="4.654"/>
  <system-out/>
  <testcase classname="tests.SampletestTest" name="toVerifyEducation" time="3.951"/>
  <system-out/>
</testsuite> <!-- tests.SampletestTest -->
