<?xml version="1.0" encoding="UTF-8"?>
<!-- Generated by org.testng.reporters.JUnitReportReporter -->
<testsuite hostname="DESKTOP-NQ83CF5" failures="0" tests="1" name="tests.ToolTipTest" time="4.879" errors="0" timestamp="2024-05-16T14:53:02 IST" skipped="0">
  <testcase classname="tests.ToolTipTest" name="testToVerifyTooltipFunctionality" time="4.879"/>
  <system-out/>
</testsuite> <!-- tests.ToolTipTest -->
