<?xml version="1.0" encoding="UTF-8"?>
<!-- Generated by org.testng.reporters.JUnitReportReporter -->
<testsuite hostname="DESKTOP-NQ83CF5" failures="0" tests="1" name="tests.SelectElementsTest" time="4.975" errors="0" timestamp="2024-05-16T14:53:02 IST" skipped="0">
  <testcase classname="tests.SelectElementsTest" name="toVerifyMultipleSelect" time="4.975"/>
  <system-out/>
</testsuite> <!-- tests.SelectElementsTest -->
