<?xml version="1.0" encoding="UTF-8"?>
<!-- Generated by org.testng.reporters.JUnitReportReporter -->
<testsuite hostname="DESKTOP-NQ83CF5" failures="0" tests="1" name="tests.TabsAndWindowsTest" time="5.844" errors="0" timestamp="2024-05-16T14:53:02 IST" skipped="0">
  <testcase classname="tests.TabsAndWindowsTest" name="testToSwitchToOtherTab" time="5.844"/>
  <system-out/>
</testsuite> <!-- tests.TabsAndWindowsTest -->
