<?xml version="1.0" encoding="UTF-8"?>
<!-- Generated by org.testng.reporters.JUnitReportReporter -->
<testsuite hostname="DESKTOP-NQ83CF5" failures="0" tests="1" name="com.tests.ToolTipTest" time="5.763" errors="0" timestamp="2024-05-15T12:32:59 IST" skipped="0">
  <testcase classname="com.tests.ToolTipTest" name="testToVerifyTooltipFunctionality" time="5.763"/>
  <system-out/>
</testsuite> <!-- com.tests.ToolTipTest -->
