<?xml version="1.0" encoding="UTF-8"?>
<!-- Generated by org.testng.reporters.JUnitReportReporter -->
<testsuite hostname="DESKTOP-NQ83CF5" failures="0" tests="4" name="tests.DragAndDropTest" time="23.865" errors="0" timestamp="2024-05-23T18:56:09 IST" skipped="0">
  <testcase classname="tests.DragAndDropTest" name="testForThirdtoDragAndDrop" time="6.012"/>
  <system-out/>
  <testcase classname="tests.DragAndDropTest" name="testForSecondtoDragAndDrop" time="5.877"/>
  <system-out/>
  <testcase classname="tests.DragAndDropTest" name="testForfirsttoDragAndDrop" time="6.245"/>
  <system-out/>
  <testcase classname="tests.DragAndDropTest" name="testForforthtoDragAndDrop" time="5.731"/>
  <system-out/>
</testsuite> <!-- tests.DragAndDropTest -->
