<?xml version="1.0" encoding="UTF-8"?>
<!-- Generated by org.testng.reporters.JUnitReportReporter -->
<testsuite hostname="DESKTOP-NQ83CF5" failures="0" tests="1" name="tests.DatepickerTest" time="13.806" errors="0" timestamp="2024-05-23T18:56:09 IST" skipped="0">
  <testcase classname="tests.DatepickerTest" name="testdatepicker" time="13.806"/>
  <system-out/>
</testsuite> <!-- tests.DatepickerTest -->
