<?xml version="1.0" encoding="UTF-8"?>
<!-- Generated by org.testng.reporters.JUnitReportReporter -->
<testsuite hostname="DESKTOP-NQ83CF5" failures="0" tests="1" name="tests.DropDownTest" time="10.172" errors="0" timestamp="2024-05-16T12:50:14 IST" skipped="0">
  <testcase classname="tests.DropDownTest" name="testForDropDowselection" time="10.172"/>
  <system-out/>
</testsuite> <!-- tests.DropDownTest -->
