<?xml version="1.0" encoding="UTF-8"?>
<!-- Generated by org.testng.reporters.JUnitReportReporter -->
<testsuite hostname="DESKTOP-NQ83CF5" failures="0" tests="1" name="tests.DropDownTest" time="8.233" errors="0" timestamp="2024-05-23T14:01:50 IST" skipped="0">
  <testcase classname="tests.DropDownTest" name="testForDropDowselection" time="8.233"/>
  <system-out/>
</testsuite> <!-- tests.DropDownTest -->
