<?xml version="1.0" encoding="UTF-8"?>
<!-- Generated by org.testng.reporters.JUnitReportReporter -->
<testsuite hostname="DESKTOP-NQ83CF5" failures="0" tests="1" name="tests.SpinnerTest" time="10.147" errors="0" timestamp="2024-05-15T18:26:15 IST" skipped="0">
  <testcase classname="tests.SpinnerTest" name="ToVerifySpinner" time="10.147"/>
  <system-out/>
</testsuite> <!-- tests.SpinnerTest -->
