<?xml version="1.0" encoding="UTF-8"?>
<!-- Generated by org.testng.reporters.JUnitReportReporter -->
<testsuite hostname="DESKTOP-NQ83CF5" failures="0" tests="1" name="tests.TabsAndWindowsTest" time="18.418" errors="0" timestamp="2024-05-16T16:27:08 IST" skipped="0">
  <testcase classname="tests.TabsAndWindowsTest" name="testToSwitchToOtherTab" time="18.418"/>
  <system-out/>
</testsuite> <!-- tests.TabsAndWindowsTest -->
