<?xml version="1.0" encoding="UTF-8"?>
<!-- Generated by org.testng.reporters.JUnitReportReporter -->
<testsuite hostname="DESKTOP-NQ83CF5" failures="0" tests="1" name="tests.SortableTest" time="6.340" errors="0" timestamp="2024-05-16T13:20:02 IST" skipped="0">
  <testcase classname="tests.SortableTest" name="ToTestShoppingAndFeedsPositions" time="6.340"/>
  <system-out/>
</testsuite> <!-- tests.SortableTest -->
