<?xml version="1.0" encoding="UTF-8"?>
<!-- Generated by org.testng.reporters.JUnitReportReporter -->
<testsuite hostname="DESKTOP-NQ83CF5" failures="0" tests="1" name="tests.SpinnerTest" time="6.964" errors="0" timestamp="2024-05-16T11:14:03 IST" skipped="0">
  <testcase classname="tests.SpinnerTest" name="ToVerifySpinner" time="6.964"/>
  <system-out/>
</testsuite> <!-- tests.SpinnerTest -->
