<?xml version="1.0" encoding="UTF-8"?>
<!-- Generated by org.testng.reporters.JUnitReportReporter -->
<testsuite hostname="DESKTOP-NQ83CF5" failures="0" tests="1" name="tests.DropDownTest" time="7.347" errors="0" timestamp="2024-05-16T11:01:51 IST" skipped="0">
  <testcase classname="tests.DropDownTest" name="testForDropDowselection" time="7.347"/>
  <system-out/>
</testsuite> <!-- tests.DropDownTest -->
