<?xml version="1.0" encoding="UTF-8"?>
<!-- Generated by org.testng.reporters.JUnitReportReporter -->
<testsuite hostname="DESKTOP-NQ83CF5" failures="0" tests="11" name="tests.SampletestTest" time="61.150" errors="0" timestamp="2024-05-23T14:01:50 IST" skipped="0">
  <testcase classname="tests.SampletestTest" name="toVerifyAutomationCheckbox" time="4.503"/>
  <system-out/>
  <testcase classname="tests.SampletestTest" name="toVerifyManualCheckbox" time="4.112"/>
  <system-out/>
  <testcase classname="tests.SampletestTest" name="toVerifyFunctionalCheckbox" time="4.872"/>
  <system-out/>
  <testcase classname="tests.SampletestTest" name="toVerifyEducation" time="5.209"/>
  <system-out/>
  <testcase classname="tests.SampletestTest" name="toVerifyComment" time="4.518"/>
  <system-out/>
  <testcase classname="tests.SampletestTest" name="toVerifymultipleCheckboxA1" time="4.227"/>
  <system-out/>
  <testcase classname="tests.SampletestTest" name="toEnterDetails" time="4.898"/>
  <system-out/>
  <testcase classname="tests.SampletestTest" name="toVerifyUploadButton" time="9.327"/>
  <system-out/>
  <testcase classname="tests.SampletestTest" name="toVerifyExperienceDropdown" time="4.956"/>
  <system-out/>
  <testcase classname="tests.SampletestTest" name="toVerifyAlert" time="4.175"/>
  <system-out/>
  <testcase classname="tests.SampletestTest" name="toVerifyAll" time="10.353"/>
  <system-out/>
</testsuite> <!-- tests.SampletestTest -->
