<?xml version="1.0" encoding="UTF-8"?>
<!-- Generated by org.testng.reporters.JUnitReportReporter -->
<testsuite hostname="DESKTOP-NQ83CF5" failures="0" tests="1" name="tests.DialogBoxTest" time="23.795" errors="0" timestamp="2024-05-23T17:02:52 IST" skipped="0">
  <testcase classname="tests.DialogBoxTest" name="ToEnterdialogBox" time="23.795"/>
  <system-out/>
</testsuite> <!-- tests.DialogBoxTest -->
