<?xml version="1.0" encoding="UTF-8"?>
<!-- Generated by org.testng.reporters.JUnitReportReporter -->
<testsuite hostname="DESKTOP-NQ83CF5" failures="0" tests="1" name="tests.SortableTest" time="17.294" errors="0" timestamp="2024-05-16T16:27:08 IST" skipped="0">
  <testcase classname="tests.SortableTest" name="ToTestShoppingAndFeedsPositions" time="17.294"/>
  <system-out/>
</testsuite> <!-- tests.SortableTest -->
