<?xml version="1.0" encoding="UTF-8"?>
<!-- Generated by org.testng.reporters.JUnitReportReporter -->
<testsuite hostname="DESKTOP-NQ83CF5" failures="0" tests="4" name="tests.DragAndDropTest" time="31.622" errors="0" timestamp="2024-05-23T17:02:52 IST" skipped="0">
  <testcase classname="tests.DragAndDropTest" name="testForSecondtoDragAndDrop" time="6.340"/>
  <system-out/>
  <testcase classname="tests.DragAndDropTest" name="testForfirsttoDragAndDrop" time="13.470"/>
  <system-out/>
  <testcase classname="tests.DragAndDropTest" name="testForforthtoDragAndDrop" time="4.690"/>
  <system-out/>
  <testcase classname="tests.DragAndDropTest" name="testForThirdtoDragAndDrop" time="7.122"/>
  <system-out/>
</testsuite> <!-- tests.DragAndDropTest -->
